<?xml version="1.0" encoding="UTF-8"?>
<testsuite name="basiclibrary.LibraryTest" tests="4" skipped="0" failures="0" errors="0" timestamp="2022-02-16T16:01:17" hostname="zopilote-machine" time="0.02">
  <properties/>
  <testcase name="test_average()" classname="basiclibrary.LibraryTest" time="0.015"/>
  <testcase name="test_roll()" classname="basiclibrary.LibraryTest" time="0.003"/>
  <testcase name="test_lowest_average()" classname="basiclibrary.LibraryTest" time="0.001"/>
  <testcase name="test_containsDuplicates()" classname="basiclibrary.LibraryTest" time="0.0"/>
  <system-out><![CDATA[]]></system-out>
  <system-err><![CDATA[]]></system-err>
</testsuite>
